2016-12-26 09:33:01,503 [5] DEBUG CTP 
OnFrontConnected
2016-12-26 09:33:05,435 [1] DEBUG CTP 
ReqUserLogin:因网络原因发送失败
2016-12-26 09:33:09,515 [1] INFO  CTP 
ReqUserLogin[2001]:因网络原因发送失败
request:{"TradingDay":null,"BrokerID":"9999","UserID":"067221","Password":"363000","UserProductInfo":"JCTP","InterfaceProductInfo":"X","ProtocolInfo":"X","MacAddress":null,"OneTimePassword":null,"ClientIPAddress":null}
2016-12-26 09:33:11,585 [1] INFO  CTP 
ReqUserLogin[2001]:因网络原因发送失败
request:{"TradingDay":null,"BrokerID":"9999","UserID":"067221","Password":"363000","UserProductInfo":"JCTP","InterfaceProductInfo":"X","ProtocolInfo":"X","MacAddress":null,"OneTimePassword":null,"ClientIPAddress":null}
2016-12-26 09:33:13,915 [1] INFO  CTP 
ReqUserLogin[2001]:因网络原因发送失败
request:{"TradingDay":null,"BrokerID":"9999","UserID":"067221","Password":"363000","UserProductInfo":"JCTP","InterfaceProductInfo":"X","ProtocolInfo":"X","MacAddress":null,"OneTimePassword":null,"ClientIPAddress":null}
2016-12-26 09:33:17,465 [1] INFO  CTP 
ReqUserLogin[2001]:因网络原因发送失败
request:{"TradingDay":null,"BrokerID":"9999","UserID":"067221","Password":"363000","UserProductInfo":"JCTP","InterfaceProductInfo":"X","ProtocolInfo":"X","MacAddress":null,"OneTimePassword":null,"ClientIPAddress":null}
2016-12-26 09:33:19,265 [1] INFO  CTP 
ReqUserLogin[2001]:因网络原因发送失败
request:{"TradingDay":null,"BrokerID":"9999","UserID":"067221","Password":"363000","UserProductInfo":"JCTP","InterfaceProductInfo":"X","ProtocolInfo":"X","MacAddress":null,"OneTimePassword":null,"ClientIPAddress":null}
2016-12-26 09:33:21,425 [1] DEBUG CTP 
ReqUserLogin:因网络原因发送失败
2016-12-26 16:03:55,394 [8] DEBUG CTP 
OnFrontConnected
2016-12-26 16:03:55,806 [9] DEBUG CTP 
OnFrontConnected
2016-12-26 16:03:56,258 [10] DEBUG CTP 
OnFrontConnected
2016-12-26 16:03:56,350 [1] DEBUG CTP 
ReqUserLogin:发送成功
2016-12-26 16:03:56,743 [11] DEBUG CTP 
OnFrontConnected
2016-12-26 16:03:56,825 [9] DEBUG CTP 
OnRspUserLogin[1001]
response:{"TradingDay":"20161223","LoginTime":"16:02:09","BrokerID":"9999","UserID":"067218","SystemName":"TradingHosting","FrontID":1,"SessionID":-830663162,"MaxOrderRef":"1","SHFETime":"16:50:09","DCETime":"16:50:09","CZCETime":"16:50:10","FFEXTime":"16:50:09","INETime":"--:--:--"}
rspInfo:{"ErrorID":0,"ErrorMsg":"正确"}
2016-12-26 16:03:56,831 [9] DEBUG CTP 
ReqQryInvestorPosition[900001]:发送成功
{"BrokerID":"9999","InvestorID":"067218","InstrumentID":null}
2016-12-26 16:03:56,954 [9] DEBUG CTP 
OnRspQryInvestorPosition[900001]
rspInfo:null
response:{"InstrumentID":"TA705","BrokerID":"9999","InvestorID":"067218","PosiDirection":50,"HedgeFlag":49,"PositionDate":49,"YdPosition":3,"Position":3,"LongFrozen":0,"ShortFrozen":0,"LongFrozenAmount":0.0,"ShortFrozenAmount":0.0,"OpenVolume":0,"CloseVolume":0,"OpenAmount":0.0,"CloseAmount":0.0,"PositionCost":80610.0,"PreMargin":0.0,"UseMargin":4030.5,"FrozenMargin":0.0,"FrozenCash":0.0,"FrozenCommission":0.0,"CashIn":0.0,"Commission":0.0,"CloseProfit":0.0,"PositionProfit":-570.0,"PreSettlementPrice":5374.0,"SettlementPrice":5336.0,"TradingDay":"20161223","SettlementID":1,"OpenCost":83110.0,"ExchangeMargin":4030.5,"CombPosition":0,"CombLongFrozen":0,"CombShortFrozen":0,"CloseProfitByDate":0.0,"CloseProfitByTrade":0.0,"TodayPosition":0,"MarginRateByMoney":0.0,"MarginRateByVolume":0.0,"StrikeFrozen":0,"StrikeFrozenAmount":0.0,"AbandonFrozen":0,"OptionValue":1.8085164228923894E-308}
2016-12-26 16:03:56,954 [9] DEBUG CTP 
OnRspQryInvestorPosition[900001]
rspInfo:null
response:{"InstrumentID":"rb1701","BrokerID":"9999","InvestorID":"067218","PosiDirection":50,"HedgeFlag":49,"PositionDate":50,"YdPosition":6,"Position":6,"LongFrozen":0,"ShortFrozen":0,"LongFrozenAmount":0.0,"ShortFrozenAmount":0.0,"OpenVolume":0,"CloseVolume":0,"OpenAmount":0.0,"CloseAmount":0.0,"PositionCost":188400.0,"PreMargin":0.0,"UseMargin":11304.0,"FrozenMargin":0.0,"FrozenCash":0.0,"FrozenCommission":0.0,"CashIn":0.0,"Commission":0.0,"CloseProfit":0.0,"PositionProfit":-2940.0,"PreSettlementPrice":3140.0,"SettlementPrice":3091.0,"TradingDay":"20161223","SettlementID":1,"OpenCost":156240.0,"ExchangeMargin":11304.0,"CombPosition":0,"CombLongFrozen":0,"CombShortFrozen":0,"CloseProfitByDate":0.0,"CloseProfitByTrade":0.0,"TodayPosition":0,"MarginRateByMoney":0.0,"MarginRateByVolume":0.0,"StrikeFrozen":0,"StrikeFrozenAmount":0.0,"AbandonFrozen":0,"OptionValue":1.8085164067676045E-308}
2016-12-26 16:03:56,954 [9] DEBUG CTP 
OnRspQryInvestorPosition[900001]
rspInfo:null
response:{"InstrumentID":"pp1701","BrokerID":"9999","InvestorID":"067218","PosiDirection":50,"HedgeFlag":49,"PositionDate":49,"YdPosition":1,"Position":1,"LongFrozen":0,"ShortFrozen":0,"LongFrozenAmount":0.0,"ShortFrozenAmount":0.0,"OpenVolume":0,"CloseVolume":0,"OpenAmount":0.0,"CloseAmount":0.0,"PositionCost":45740.0,"PreMargin":0.0,"UseMargin":2287.0,"FrozenMargin":0.0,"FrozenCash":0.0,"FrozenCommission":0.0,"CashIn":0.0,"Commission":0.0,"CloseProfit":0.0,"PositionProfit":-800.0,"PreSettlementPrice":9148.0,"SettlementPrice":8988.0,"TradingDay":"20161223","SettlementID":1,"OpenCost":46000.0,"ExchangeMargin":2287.0,"CombPosition":0,"CombLongFrozen":0,"CombShortFrozen":0,"CloseProfitByDate":0.0,"CloseProfitByTrade":0.0,"TodayPosition":0,"MarginRateByMoney":0.0,"MarginRateByVolume":0.0,"StrikeFrozen":0,"StrikeFrozenAmount":0.0,"AbandonFrozen":0,"OptionValue":1.808516299107143E-308}
2016-12-26 16:03:56,954 [9] DEBUG CTP 
OnRspQryInvestorPosition[900001]
rspInfo:null
response:{"InstrumentID":"cs1701","BrokerID":"9999","InvestorID":"067218","PosiDirection":51,"HedgeFlag":49,"PositionDate":49,"YdPosition":38,"Position":38,"LongFrozen":0,"ShortFrozen":0,"LongFrozenAmount":0.0,"ShortFrozenAmount":0.0,"OpenVolume":0,"CloseVolume":0,"OpenAmount":0.0,"CloseAmount":0.0,"PositionCost":698440.0,"PreMargin":0.0,"UseMargin":34922.0,"FrozenMargin":0.0,"FrozenCash":0.0,"FrozenCommission":0.0,"CashIn":0.0,"Commission":0.0,"CloseProfit":0.0,"PositionProfit":-3800.0,"PreSettlementPrice":1838.0,"SettlementPrice":1848.0,"TradingDay":"20161223","SettlementID":1,"OpenCost":675640.0,"ExchangeMargin":34922.0,"CombPosition":0,"CombLongFrozen":0,"CombShortFrozen":0,"CloseProfitByDate":0.0,"CloseProfitByTrade":0.0,"TodayPosition":0,"MarginRateByMoney":0.0,"MarginRateByVolume":0.0,"StrikeFrozen":0,"StrikeFrozenAmount":0.0,"AbandonFrozen":0,"OptionValue":0.0}
2016-12-26 16:04:00,100 [1] INFO  CTP 
ReqUserLogin[2001]:发送成功
request:{"TradingDay":null,"BrokerID":"9999","UserID":"067221","Password":"363000","UserProductInfo":"JCTP","InterfaceProductInfo":"X","ProtocolInfo":"X","MacAddress":null,"OneTimePassword":null,"ClientIPAddress":null}
2016-12-26 16:04:00,182 [11] DEBUG CTP 
OnRspUserLogin[2001]
response:{"TradingDay":"20161223","LoginTime":"16:02:13","BrokerID":"9999","UserID":"067221","SystemName":"TradingHosting","FrontID":1,"SessionID":-830466546,"MaxOrderRef":"1","SHFETime":"16:50:13","DCETime":"16:50:13","CZCETime":"16:50:14","FFEXTime":"16:50:13","INETime":"--:--:--"}
rspInfo:{"ErrorID":0,"ErrorMsg":"正确"}
2016-12-26 16:04:00,282 [11] DEBUG CTP 
ReqQrySettlementInfoConfirm[900002]:发送成功
request:{"BrokerID":"9999","InvestorID":"067221"}
2016-12-26 16:04:00,282 [11] DEBUG CTP 
ReqQryInstrument[900003]:未处理请求队列总数量超限
request:{"InstrumentID":null,"ExchangeID":null,"ExchangeInstID":null,"ProductID":null}
2016-12-26 16:04:00,402 [11] DEBUG CTP 
OnRspQrySettlementInfoConfirm[900002]
response:null
rspInfo:null
2016-12-26 16:04:10,088 [1] DEBUG CTP 
ReqSettlementInfoConfirm[900004]:发送成功
request:{"BrokerID":"9999","InvestorID":"067221","ConfirmDate":null,"ConfirmTime":null}
2016-12-26 16:04:10,228 [11] DEBUG CTP 
OnRspSettlementInfoConfirm[900004]
response:{"BrokerID":"9999","InvestorID":"067221","ConfirmDate":"20161223","ConfirmTime":"16:02:23"}
rspInfo:{"ErrorID":0,"ErrorMsg":"正确"}
2016-12-26 16:04:10,228 [11] DEBUG CTP 
确认结算信息：orig 2016122316:02:23
2016-12-26 16:04:10,458 [11] DEBUG CTP 
确认结算信息：dest 2016/12/23 16:02:23
